node:events:496
      throw er; // Unhandled 'error' event
      ^

Error: read ECONNRESET
    at TCP.onStreamRead (node:internal/stream_base_commons:218:20)
Emitted 'error' event on Connection instance at:
    at Connection._handleProtocolError (/home/tifpsdku/nodevenv/growmatic.tifpsdku.com/api/20/lib/node_modules/mysql/lib/Connection.js:423:8)
    at Protocol.emit (node:events:518:28)
    at Protocol._delegateError (/home/tifpsdku/nodevenv/growmatic.tifpsdku.com/api/20/lib/node_modules/mysql/lib/protocol/Protocol.js:398:10)
    at Protocol.handleNetworkError (/home/tifpsdku/nodevenv/growmatic.tifpsdku.com/api/20/lib/node_modules/mysql/lib/protocol/Protocol.js:371:10)
    at Connection._handleNetworkError (/home/tifpsdku/nodevenv/growmatic.tifpsdku.com/api/20/lib/node_modules/mysql/lib/Connection.js:418:18)
    at Socket.emit (node:events:518:28)
    at emitErrorNT (node:internal/streams/destroy:169:8)
    at emitErrorCloseNT (node:internal/streams/destroy:128:3)
    at process.processTicksAndRejections (node:internal/process/task_queues:82:21) {
  errno: -104,
  code: 'ECONNRESET',
  syscall: 'read',
  fatal: true
}

Node.js v20.18.3
node:events:496
      throw er; // Unhandled 'error' event
      ^

Error: read ECONNRESET
    at TCP.onStreamRead (node:internal/stream_base_commons:218:20)
Emitted 'error' event on Connection instance at:
    at Connection._handleProtocolError (/home/tifpsdku/nodevenv/growmatic.tifpsdku.com/api/20/lib/node_modules/mysql/lib/Connection.js:423:8)
    at Protocol.emit (node:events:518:28)
    at Protocol._delegateError (/home/tifpsdku/nodevenv/growmatic.tifpsdku.com/api/20/lib/node_modules/mysql/lib/protocol/Protocol.js:398:10)
    at Protocol.handleNetworkError (/home/tifpsdku/nodevenv/growmatic.tifpsdku.com/api/20/lib/node_modules/mysql/lib/protocol/Protocol.js:371:10)
    at Connection._handleNetworkError (/home/tifpsdku/nodevenv/growmatic.tifpsdku.com/api/20/lib/node_modules/mysql/lib/Connection.js:418:18)
    at Socket.emit (node:events:518:28)
    at emitErrorNT (node:internal/streams/destroy:169:8)
    at emitErrorCloseNT (node:internal/streams/destroy:128:3)
    at process.processTicksAndRejections (node:internal/process/task_queues:82:21) {
  errno: -104,
  code: 'ECONNRESET',
  syscall: 'read',
  fatal: true
}

Node.js v20.18.3
node:events:496
      throw er; // Unhandled 'error' event
      ^

Error: read ECONNRESET
    at TCP.onStreamRead (node:internal/stream_base_commons:218:20)
Emitted 'error' event on Connection instance at:
    at Connection._handleProtocolError (/home/tifpsdku/nodevenv/growmatic.tifpsdku.com/api/20/lib/node_modules/mysql/lib/Connection.js:423:8)
    at Protocol.emit (node:events:518:28)
    at Protocol._delegateError (/home/tifpsdku/nodevenv/growmatic.tifpsdku.com/api/20/lib/node_modules/mysql/lib/protocol/Protocol.js:398:10)
    at Protocol.handleNetworkError (/home/tifpsdku/nodevenv/growmatic.tifpsdku.com/api/20/lib/node_modules/mysql/lib/protocol/Protocol.js:371:10)
    at Connection._handleNetworkError (/home/tifpsdku/nodevenv/growmatic.tifpsdku.com/api/20/lib/node_modules/mysql/lib/Connection.js:418:18)
    at Socket.emit (node:events:518:28)
    at emitErrorNT (node:internal/streams/destroy:169:8)
    at emitErrorCloseNT (node:internal/streams/destroy:128:3)
    at process.processTicksAndRejections (node:internal/process/task_queues:82:21) {
  errno: -104,
  code: 'ECONNRESET',
  syscall: 'read',
  fatal: true
}

Node.js v20.18.3
node:events:496
      throw er; // Unhandled 'error' event
      ^

Error: read ECONNRESET
    at TCP.onStreamRead (node:internal/stream_base_commons:218:20)
Emitted 'error' event on Connection instance at:
    at Connection._handleProtocolError (/home/tifpsdku/nodevenv/growmatic.tifpsdku.com/api/20/lib/node_modules/mysql/lib/Connection.js:423:8)
    at Protocol.emit (node:events:518:28)
    at Protocol._delegateError (/home/tifpsdku/nodevenv/growmatic.tifpsdku.com/api/20/lib/node_modules/mysql/lib/protocol/Protocol.js:398:10)
    at Protocol.handleNetworkError (/home/tifpsdku/nodevenv/growmatic.tifpsdku.com/api/20/lib/node_modules/mysql/lib/protocol/Protocol.js:371:10)
    at Connection._handleNetworkError (/home/tifpsdku/nodevenv/growmatic.tifpsdku.com/api/20/lib/node_modules/mysql/lib/Connection.js:418:18)
    at Socket.emit (node:events:518:28)
    at emitErrorNT (node:internal/streams/destroy:169:8)
    at emitErrorCloseNT (node:internal/streams/destroy:128:3)
    at process.processTicksAndRejections (node:internal/process/task_queues:82:21) {
  errno: -104,
  code: 'ECONNRESET',
  syscall: 'read',
  fatal: true
}

Node.js v20.18.3
node:events:496
      throw er; // Unhandled 'error' event
      ^

Error: read ECONNRESET
    at TCP.onStreamRead (node:internal/stream_base_commons:218:20)
Emitted 'error' event on Connection instance at:
    at Connection._handleProtocolError (/home/tifpsdku/nodevenv/growmatic.tifpsdku.com/api/20/lib/node_modules/mysql/lib/Connection.js:423:8)
    at Protocol.emit (node:events:518:28)
    at Protocol._delegateError (/home/tifpsdku/nodevenv/growmatic.tifpsdku.com/api/20/lib/node_modules/mysql/lib/protocol/Protocol.js:398:10)
    at Protocol.handleNetworkError (/home/tifpsdku/nodevenv/growmatic.tifpsdku.com/api/20/lib/node_modules/mysql/lib/protocol/Protocol.js:371:10)
    at Connection._handleNetworkError (/home/tifpsdku/nodevenv/growmatic.tifpsdku.com/api/20/lib/node_modules/mysql/lib/Connection.js:418:18)
    at Socket.emit (node:events:518:28)
    at emitErrorNT (node:internal/streams/destroy:169:8)
    at emitErrorCloseNT (node:internal/streams/destroy:128:3)
    at process.processTicksAndRejections (node:internal/process/task_queues:82:21) {
  errno: -104,
  code: 'ECONNRESET',
  syscall: 'read',
  fatal: true
}

Node.js v20.18.3
node:events:496
      throw er; // Unhandled 'error' event
      ^

Error: read ECONNRESET
    at TCP.onStreamRead (node:internal/stream_base_commons:218:20)
Emitted 'error' event on Connection instance at:
    at Connection._handleProtocolError (/home/tifpsdku/nodevenv/growmatic.tifpsdku.com/api/20/lib/node_modules/mysql/lib/Connection.js:423:8)
    at Protocol.emit (node:events:518:28)
    at Protocol._delegateError (/home/tifpsdku/nodevenv/growmatic.tifpsdku.com/api/20/lib/node_modules/mysql/lib/protocol/Protocol.js:398:10)
    at Protocol.handleNetworkError (/home/tifpsdku/nodevenv/growmatic.tifpsdku.com/api/20/lib/node_modules/mysql/lib/protocol/Protocol.js:371:10)
    at Connection._handleNetworkError (/home/tifpsdku/nodevenv/growmatic.tifpsdku.com/api/20/lib/node_modules/mysql/lib/Connection.js:418:18)
    at Socket.emit (node:events:518:28)
    at emitErrorNT (node:internal/streams/destroy:169:8)
    at emitErrorCloseNT (node:internal/streams/destroy:128:3)
    at process.processTicksAndRejections (node:internal/process/task_queues:82:21) {
  errno: -104,
  code: 'ECONNRESET',
  syscall: 'read',
  fatal: true
}

Node.js v20.18.3
node:events:496
      throw er; // Unhandled 'error' event
      ^

Error: read ECONNRESET
    at TCP.onStreamRead (node:internal/stream_base_commons:218:20)
Emitted 'error' event on Connection instance at:
    at Connection._handleProtocolError (/home/tifpsdku/nodevenv/growmatic.tifpsdku.com/api/20/lib/node_modules/mysql/lib/Connection.js:423:8)
    at Protocol.emit (node:events:518:28)
    at Protocol._delegateError (/home/tifpsdku/nodevenv/growmatic.tifpsdku.com/api/20/lib/node_modules/mysql/lib/protocol/Protocol.js:398:10)
    at Protocol.handleNetworkError (/home/tifpsdku/nodevenv/growmatic.tifpsdku.com/api/20/lib/node_modules/mysql/lib/protocol/Protocol.js:371:10)
    at Connection._handleNetworkError (/home/tifpsdku/nodevenv/growmatic.tifpsdku.com/api/20/lib/node_modules/mysql/lib/Connection.js:418:18)
    at Socket.emit (node:events:518:28)
    at emitErrorNT (node:internal/streams/destroy:169:8)
    at emitErrorCloseNT (node:internal/streams/destroy:128:3)
    at process.processTicksAndRejections (node:internal/process/task_queues:82:21) {
  errno: -104,
  code: 'ECONNRESET',
  syscall: 'read',
  fatal: true
}

Node.js v20.18.3
node:events:496
      throw er; // Unhandled 'error' event
      ^

Error: read ECONNRESET
    at TCP.onStreamRead (node:internal/stream_base_commons:218:20)
Emitted 'error' event on Connection instance at:
    at Connection._handleProtocolError (/home/tifpsdku/nodevenv/growmatic.tifpsdku.com/api/20/lib/node_modules/mysql/lib/Connection.js:423:8)
    at Protocol.emit (node:events:518:28)
    at Protocol._delegateError (/home/tifpsdku/nodevenv/growmatic.tifpsdku.com/api/20/lib/node_modules/mysql/lib/protocol/Protocol.js:398:10)
    at Protocol.handleNetworkError (/home/tifpsdku/nodevenv/growmatic.tifpsdku.com/api/20/lib/node_modules/mysql/lib/protocol/Protocol.js:371:10)
    at Connection._handleNetworkError (/home/tifpsdku/nodevenv/growmatic.tifpsdku.com/api/20/lib/node_modules/mysql/lib/Connection.js:418:18)
    at Socket.emit (node:events:518:28)
    at emitErrorNT (node:internal/streams/destroy:169:8)
    at emitErrorCloseNT (node:internal/streams/destroy:128:3)
    at process.processTicksAndRejections (node:internal/process/task_queues:82:21) {
  errno: -104,
  code: 'ECONNRESET',
  syscall: 'read',
  fatal: true
}

Node.js v20.18.3
